[0.037s] Invoking command in '/home/yiming/training/train/ros_practice_for_ma/build/training1_for_ma': CMAKE_PREFIX_PATH=/opt/ros/galactic /home/yiming/.local/bin/cmake --build /home/yiming/training/train/ros_practice_for_ma/build/training1_for_ma -- -j16 -l16
[0.104s] -- Found ament_cmake: 1.1.6 (/opt/ros/galactic/share/ament_cmake/cmake)
[0.138s] -- Using PYTHON_EXECUTABLE: /usr/bin/python3
[0.217s] -- Found rclcpp: 9.2.2 (/opt/ros/galactic/share/rclcpp/cmake)
[0.257s] -- Using all available rosidl_typesupport_c: rosidl_typesupport_fastrtps_c;rosidl_typesupport_introspection_c
[0.260s] -- Found rosidl_adapter: 2.2.3 (/opt/ros/galactic/share/rosidl_adapter/cmake)
[0.419s] -- Using all available rosidl_typesupport_cpp: rosidl_typesupport_fastrtps_cpp;rosidl_typesupport_introspection_cpp
[0.470s] -- Found rmw_implementation_cmake: 3.3.1 (/opt/ros/galactic/share/rmw_implementation_cmake/cmake)
[0.471s] -- Found rmw_cyclonedds_cpp: 0.22.6 (/opt/ros/galactic/share/rmw_cyclonedds_cpp/cmake)
[0.487s] -- Using RMW implementation 'rmw_cyclonedds_cpp' as default
[0.688s] -- Configuring done (0.6s)
[0.702s] -- Generating done (0.0s)
[0.704s] -- Build files have been written to: /home/yiming/training/train/ros_practice_for_ma/build/training1_for_ma
[0.729s] [ 50%] [32mBuilding CXX object CMakeFiles/talker.dir/src/transform.cpp.o[0m
[0.738s] In file included from [01m[K/home/yiming/training/train/ros_practice_for_ma/mannual_node/src/training1_for_ma/src/transform.cpp:1[m[K:
[0.738s] [01m[K/home/yiming/training/train/ros_practice_for_ma/mannual_node/src/training1_for_ma/include/training1_for_ma/transform.hpp:4:10:[m[K [01;31m[Kfatal error: [m[Kopencv2/opencv.hpp: No such file or directory
[0.738s]     4 | #include [01;31m[K<opencv2/opencv.hpp>[m[K
[0.738s]       |          [01;31m[K^~~~~~~~~~~~~~~~~~~~[m[K
[0.739s] compilation terminated.
[0.739s] make[2]: *** [CMakeFiles/talker.dir/build.make:76: CMakeFiles/talker.dir/src/transform.cpp.o] Error 1
[0.739s] make[1]: *** [CMakeFiles/Makefile2:137: CMakeFiles/talker.dir/all] Error 2
[0.740s] make: *** [Makefile:146: all] Error 2
[0.750s] Invoked command in '/home/yiming/training/train/ros_practice_for_ma/build/training1_for_ma' returned '2': CMAKE_PREFIX_PATH=/opt/ros/galactic /home/yiming/.local/bin/cmake --build /home/yiming/training/train/ros_practice_for_ma/build/training1_for_ma -- -j16 -l16
