In file included from [01m[K/usr/include/c++/9/chrono:41[m[K,
                 from [01m[K/opt/ros/galactic/include/tf2/time.h:32[m[K,
                 from [01m[K/usr/include/pthread.h:23[m[K,
                 from [01m[K/usr/include/x86_64-linux-gnu/c++/9/bits/gthr-default.h:35[m[K,
                 from [01m[K/usr/include/x86_64-linux-gnu/c++/9/bits/gthr.h:148[m[K,
                 from [01m[K/usr/include/c++/9/ext/atomicity.h:35[m[K,
                 from [01m[K/usr/include/c++/9/memory:73[m[K,
                 from [01m[K/home/yiming/training/train/ros_rv/build/rm_serial_driver/rclcpp_components/node_main_rm_serial_driver_node.cpp:15[m[K:
[01m[K/usr/include/c++/9/ctime:60:11:[m[K [01;31m[Kerror: [m[Kâ€˜[01m[K::clock_t[m[Kâ€™ has not been declared
   60 |   using ::[01;31m[Kclock_t[m[K;
      |           [01;31m[K^~~~~~~[m[K
[01m[K/usr/include/c++/9/ctime:64:11:[m[K [01;31m[Kerror: [m[Kâ€˜[01m[K::clock[m[Kâ€™ has not been declared
   64 |   using ::[01;31m[Kclock[m[K;
      |           [01;31m[K^~~~~[m[K
[01m[K/usr/include/c++/9/ctime:65:11:[m[K [01;31m[Kerror: [m[Kâ€˜[01m[K::difftime[m[Kâ€™ has not been declared
   65 |   using ::[01;31m[Kdifftime[m[K;
      |           [01;31m[K^~~~~~~~[m[K
[01m[K/usr/include/c++/9/ctime:66:11:[m[K [01;31m[Kerror: [m[Kâ€˜[01m[K::mktime[m[Kâ€™ has not been declared
   66 |   using ::[01;31m[Kmktime[m[K;
      |           [01;31m[K^~~~~~[m[K
[01m[K/usr/include/c++/9/ctime:67:11:[m[K [01;31m[Kerror: [m[Kâ€˜[01m[K::time[m[Kâ€™ has not been declared
   67 |   using ::[01;31m[Ktime[m[K;
      |           [01;31m[K^~~~[m[K
[01m[K/usr/include/c++/9/ctime:68:11:[m[K [01;31m[Kerror: [m[Kâ€˜[01m[K::asctime[m[Kâ€™ has not been declared
   68 |   using ::[01;31m[Kasctime[m[K;
      |           [01;31m[K^~~~~~~[m[K
[01m[K/usr/include/c++/9/ctime:69:11:[m[K [01;31m[Kerror: [m[Kâ€˜[01m[K::ctime[m[Kâ€™ has not been declared
   69 |   using ::[01;31m[Kctime[m[K;
      |           [01;31m[K^~~~~[m[K
[01m[K/usr/include/c++/9/ctime:70:11:[m[K [01;31m[Kerror: [m[Kâ€˜[01m[K::gmtime[m[Kâ€™ has not been declared
   70 |   using ::[01;31m[Kgmtime[m[K;
      |           [01;31m[K^~~~~~[m[K
[01m[K/usr/include/c++/9/ctime:71:11:[m[K [01;31m[Kerror: [m[Kâ€˜[01m[K::localtime[m[Kâ€™ has not been declared
   71 |   using ::[01;31m[Klocaltime[m[K;
      |           [01;31m[K^~~~~~~~~[m[K
[01m[K/usr/include/c++/9/ctime:72:11:[m[K [01;31m[Kerror: [m[Kâ€˜[01m[K::strftime[m[Kâ€™ has not been declared
   72 |   using ::[01;31m[Kstrftime[m[K;
      |           [01;31m[K^~~~~~~~[m[K
[01m[K/usr/include/c++/9/ctime:80:11:[m[K [01;31m[Kerror: [m[Kâ€˜[01m[K::timespec_get[m[Kâ€™ has not been declared
   80 |   using ::[01;31m[Ktimespec_get[m[K;
      |           [01;31m[K^~~~~~~~~~~~[m[K
[01m[K/home/yiming/training/train/ros_rv/src/rm_serial_driver-main/src/rm_serial_driver.cpp:10:10:[m[K [01;31m[Kfatal error: [m[Ktf2_geometry_msgs/tf2_geometry_msgs.hpp: No such file or directory
   10 | #include [01;31m[K<tf2_geometry_msgs/tf2_geometry_msgs.hpp>[m[K
      |          [01;31m[K^~~~~~~~~~~~~~~~~~~~~~~~~~~~~~~~~~~~~~~~~[m[K
compilation terminated.
make[2]: *** [CMakeFiles/rm_serial_driver.dir/build.make:76: CMakeFiles/rm_serial_driver.dir/src/rm_serial_driver.cpp.o] Error 1
make[1]: *** [CMakeFiles/Makefile2:139: CMakeFiles/rm_serial_driver.dir/all] Error 2
make[1]: *** Waiting for unfinished jobs....
In file included from [01m[K/usr/include/c++/9/future:39[m[K,
                 from [01m[K/opt/ros/galactic/include/rclcpp/executors.hpp:18[m[K,
                 from [01m[K/opt/ros/galactic/include/rclcpp/rclcpp.hpp:156[m[K,
                 from [01m[K/home/yiming/training/train/ros_rv/build/rm_serial_driver/rclcpp_components/node_main_rm_serial_driver_node.cpp:20[m[K:
[01m[K/usr/include/c++/9/thread:[m[K In function â€˜[01m[Kvoid std::this_thread::sleep_for(const std::chrono::duration<_Rep1, _Period1>&)[m[Kâ€™:
[01m[K/usr/include/c++/9/thread:378:11:[m[K [01;31m[Kerror: [m[Kâ€˜[01m[K::nanosleep[m[Kâ€™ has not been declared
  378 |  while (::[01;31m[Knanosleep[m[K(&__ts, &__ts) == -1 && errno == EINTR)
      |           [01;31m[K^~~~~~~~~[m[K
make[2]: *** [CMakeFiles/rm_serial_driver_node.dir/build.make:76: CMakeFiles/rm_serial_driver_node.dir/rclcpp_components/node_main_rm_serial_driver_node.cpp.o] Error 1
make[1]: *** [CMakeFiles/Makefile2:165: CMakeFiles/rm_serial_driver_node.dir/all] Error 2
make: *** [Makefile:146: all] Error 2
