[0.033s] Invoking command in '/home/yiming/training/train/ros_rv/build/rm_serial_driver': CMAKE_PREFIX_PATH=/opt/ros/galactic /home/yiming/.local/bin/cmake --build /home/yiming/training/train/ros_rv/build/rm_serial_driver -- -j16 -l16
[0.091s] -- Found ament_cmake_auto: 1.1.6 (/opt/ros/galactic/share/ament_cmake_auto/cmake)
[0.126s] -- Using PYTHON_EXECUTABLE: /usr/bin/python3
[0.200s] -- Found tf2_geometry_msgs: 0.17.5 (/opt/ros/galactic/share/tf2_geometry_msgs/cmake)
[0.222s] -- Using all available rosidl_typesupport_c: rosidl_typesupport_fastrtps_c;rosidl_typesupport_introspection_c
[0.226s] -- Found rosidl_adapter: 2.2.3 (/opt/ros/galactic/share/rosidl_adapter/cmake)
[0.374s] -- Using all available rosidl_typesupport_cpp: rosidl_typesupport_fastrtps_cpp;rosidl_typesupport_introspection_cpp
[0.463s] -- Found eigen3_cmake_module: 0.1.1 (/opt/ros/galactic/share/eigen3_cmake_module/cmake)
[0.521s] -- Found rmw_implementation_cmake: 3.3.1 (/opt/ros/galactic/share/rmw_implementation_cmake/cmake)
[0.523s] -- Found rmw_cyclonedds_cpp: 0.22.6 (/opt/ros/galactic/share/rmw_cyclonedds_cpp/cmake)
[0.537s] -- Using RMW implementation 'rmw_cyclonedds_cpp' as default
[1.210s] -- Found ament_lint_auto: 0.10.7 (/opt/ros/galactic/share/ament_lint_auto/cmake)
[1.229s] -- Added test 'cppcheck' to perform static code analysis on C / C++ code
[1.229s] -- Configured cppcheck include dirs: /home/yiming/training/train/ros_rv/src/rm_serial_driver-main/include
[1.229s] -- Configured cppcheck exclude dirs and/or files: 
[1.230s] -- Added test 'cpplint' to check C / C++ code against the Google style
[1.230s] -- Configured cpplint exclude dirs and/or files: 
[1.230s] -- Added test 'flake8' to check Python code syntax and style conventions
[1.231s] -- Added test 'lint_cmake' to check CMake code style
[1.231s] -- Added test 'pep257' to check Python code against some of the style conventions in PEP 257
[1.231s] -- Added test 'xmllint' to check XML markup files
[1.233s] -- Configuring done (1.1s)
[1.252s] -- Generating done (0.0s)
[1.254s] -- Build files have been written to: /home/yiming/training/train/ros_rv/build/rm_serial_driver
[1.287s] [ 20%] [32mBuilding CXX object CMakeFiles/rm_serial_driver.dir/src/rm_serial_driver.cpp.o[0m
[1.287s] [ 40%] [32mBuilding CXX object CMakeFiles/rm_serial_driver.dir/src/crc.cpp.o[0m
[1.300s] [ 60%] [32mBuilding CXX object CMakeFiles/rm_serial_driver_node.dir/rclcpp_components/node_main_rm_serial_driver_node.cpp.o[0m
[1.460s] In file included from [01m[K/usr/include/c++/9/chrono:41[m[K,
[1.460s]                  from [01m[K/opt/ros/galactic/include/tf2/time.h:32[m[K,
[1.460s]                  from [01m[K/usr/include/pthread.h:23[m[K,
[1.460s]                  from [01m[K/usr/include/x86_64-linux-gnu/c++/9/bits/gthr-default.h:35[m[K,
[1.460s]                  from [01m[K/usr/include/x86_64-linux-gnu/c++/9/bits/gthr.h:148[m[K,
[1.460s]                  from [01m[K/usr/include/c++/9/ext/atomicity.h:35[m[K,
[1.461s]                  from [01m[K/usr/include/c++/9/memory:73[m[K,
[1.461s]                  from [01m[K/home/yiming/training/train/ros_rv/build/rm_serial_driver/rclcpp_components/node_main_rm_serial_driver_node.cpp:15[m[K:
[1.461s] [01m[K/usr/include/c++/9/ctime:60:11:[m[K [01;31m[Kerror: [m[Kâ€˜[01m[K::clock_t[m[Kâ€™ has not been declared
[1.461s]    60 |   using ::[01;31m[Kclock_t[m[K;
[1.461s]       |           [01;31m[K^~~~~~~[m[K
[1.461s] [01m[K/usr/include/c++/9/ctime:64:11:[m[K [01;31m[Kerror: [m[Kâ€˜[01m[K::clock[m[Kâ€™ has not been declared
[1.461s]    64 |   using ::[01;31m[Kclock[m[K;
[1.462s]       |           [01;31m[K^~~~~[m[K
[1.462s] [01m[K/usr/include/c++/9/ctime:65:11:[m[K [01;31m[Kerror: [m[Kâ€˜[01m[K::difftime[m[Kâ€™ has not been declared
[1.462s]    65 |   using ::[01;31m[Kdifftime[m[K;
[1.462s]       |           [01;31m[K^~~~~~~~[m[K
[1.462s] [01m[K/usr/include/c++/9/ctime:66:11:[m[K [01;31m[Kerror: [m[Kâ€˜[01m[K::mktime[m[Kâ€™ has not been declared
[1.462s]    66 |   using ::[01;31m[Kmktime[m[K;
[1.462s]       |           [01;31m[K^~~~~~[m[K
[1.463s] [01m[K/usr/include/c++/9/ctime:67:11:[m[K [01;31m[Kerror: [m[Kâ€˜[01m[K::time[m[Kâ€™ has not been declared
[1.463s]    67 |   using ::[01;31m[Ktime[m[K;
[1.463s]       |           [01;31m[K^~~~[m[K
[1.463s] [01m[K/usr/include/c++/9/ctime:68:11:[m[K [01;31m[Kerror: [m[Kâ€˜[01m[K::asctime[m[Kâ€™ has not been declared
[1.463s]    68 |   using ::[01;31m[Kasctime[m[K;
[1.463s]       |           [01;31m[K^~~~~~~[m[K
[1.463s] [01m[K/usr/include/c++/9/ctime:69:11:[m[K [01;31m[Kerror: [m[Kâ€˜[01m[K::ctime[m[Kâ€™ has not been declared
[1.464s]    69 |   using ::[01;31m[Kctime[m[K;
[1.464s]       |           [01;31m[K^~~~~[m[K
[1.464s] [01m[K/usr/include/c++/9/ctime:70:11:[m[K [01;31m[Kerror: [m[Kâ€˜[01m[K::gmtime[m[Kâ€™ has not been declared
[1.464s]    70 |   using ::[01;31m[Kgmtime[m[K;
[1.464s]       |           [01;31m[K^~~~~~[m[K
[1.464s] [01m[K/usr/include/c++/9/ctime:71:11:[m[K [01;31m[Kerror: [m[Kâ€˜[01m[K::localtime[m[Kâ€™ has not been declared
[1.464s]    71 |   using ::[01;31m[Klocaltime[m[K;
[1.465s]       |           [01;31m[K^~~~~~~~~[m[K
[1.465s] [01m[K/usr/include/c++/9/ctime:72:11:[m[K [01;31m[Kerror: [m[Kâ€˜[01m[K::strftime[m[Kâ€™ has not been declared
[1.465s]    72 |   using ::[01;31m[Kstrftime[m[K;
[1.465s]       |           [01;31m[K^~~~~~~~[m[K
[1.465s] [01m[K/usr/include/c++/9/ctime:80:11:[m[K [01;31m[Kerror: [m[Kâ€˜[01m[K::timespec_get[m[Kâ€™ has not been declared
[1.465s]    80 |   using ::[01;31m[Ktimespec_get[m[K;
[1.465s]       |           [01;31m[K^~~~~~~~~~~~[m[K
[1.607s] [01m[K/home/yiming/training/train/ros_rv/src/rm_serial_driver-main/src/rm_serial_driver.cpp:10:10:[m[K [01;31m[Kfatal error: [m[Ktf2_geometry_msgs/tf2_geometry_msgs.hpp: No such file or directory
[1.608s]    10 | #include [01;31m[K<tf2_geometry_msgs/tf2_geometry_msgs.hpp>[m[K
[1.608s]       |          [01;31m[K^~~~~~~~~~~~~~~~~~~~~~~~~~~~~~~~~~~~~~~~~[m[K
[1.608s] compilation terminated.
[1.611s] make[2]: *** [CMakeFiles/rm_serial_driver.dir/build.make:76: CMakeFiles/rm_serial_driver.dir/src/rm_serial_driver.cpp.o] Error 1
[1.611s] make[1]: *** [CMakeFiles/Makefile2:139: CMakeFiles/rm_serial_driver.dir/all] Error 2
[1.612s] make[1]: *** Waiting for unfinished jobs....
[1.764s] In file included from [01m[K/usr/include/c++/9/future:39[m[K,
[1.764s]                  from [01m[K/opt/ros/galactic/include/rclcpp/executors.hpp:18[m[K,
[1.764s]                  from [01m[K/opt/ros/galactic/include/rclcpp/rclcpp.hpp:156[m[K,
[1.764s]                  from [01m[K/home/yiming/training/train/ros_rv/build/rm_serial_driver/rclcpp_components/node_main_rm_serial_driver_node.cpp:20[m[K:
[1.764s] [01m[K/usr/include/c++/9/thread:[m[K In function â€˜[01m[Kvoid std::this_thread::sleep_for(const std::chrono::duration<_Rep1, _Period1>&)[m[Kâ€™:
[1.765s] [01m[K/usr/include/c++/9/thread:378:11:[m[K [01;31m[Kerror: [m[Kâ€˜[01m[K::nanosleep[m[Kâ€™ has not been declared
[1.765s]   378 |  while (::[01;31m[Knanosleep[m[K(&__ts, &__ts) == -1 && errno == EINTR)
[1.765s]       |           [01;31m[K^~~~~~~~~[m[K
[3.305s] make[2]: *** [CMakeFiles/rm_serial_driver_node.dir/build.make:76: CMakeFiles/rm_serial_driver_node.dir/rclcpp_components/node_main_rm_serial_driver_node.cpp.o] Error 1
[3.306s] make[1]: *** [CMakeFiles/Makefile2:165: CMakeFiles/rm_serial_driver_node.dir/all] Error 2
[3.306s] make: *** [Makefile:146: all] Error 2
[3.315s] Invoked command in '/home/yiming/training/train/ros_rv/build/rm_serial_driver' returned '2': CMAKE_PREFIX_PATH=/opt/ros/galactic /home/yiming/.local/bin/cmake --build /home/yiming/training/train/ros_rv/build/rm_serial_driver -- -j16 -l16
